<?xml version="1.0" encoding="UTF-8"?>
<!-- Generated by org.testng.reporters.JUnitReportReporter -->
<testsuite skipped="0" hostname="EPINPUNW0036" name="com.crm.qa.testcases.LoginTest" tests="1" failures="0" timestamp="22 Jan 2018 12:36:08 GMT" time="7.169" errors="0">
  <testcase name="verifytitle" time="7.169" classname="com.crm.qa.testcases.LoginTest"/>
</testsuite> <!-- com.crm.qa.testcases.LoginTest -->
