<?xml version="1.0" encoding="UTF-8"?>
<!-- Generated by org.testng.reporters.JUnitReportReporter -->
<testsuite skipped="0" hostname="EPINPUNW0036" name="com.crm.qa.testcases.HomePageTest" tests="5" failures="0" timestamp="24 Jan 2018 06:36:33 GMT" time="77.954" errors="0">
  <testcase name="verify_title" time="18.542" classname="com.crm.qa.testcases.HomePageTest"/>
  <testcase name="verify_usernamelabel" time="15.969" classname="com.crm.qa.testcases.HomePageTest"/>
  <testcase name="verify_contacts_link" time="13.904" classname="com.crm.qa.testcases.HomePageTest"/>
  <testcase name="verify_deals_link" time="16.096" classname="com.crm.qa.testcases.HomePageTest"/>
  <testcase name="verify_tasks_page" time="13.443" classname="com.crm.qa.testcases.HomePageTest"/>
</testsuite> <!-- com.crm.qa.testcases.HomePageTest -->
